android/app/build/intermediates/manifest_merge_blame_file/debug/manifest-merger-blame-debug-report.txt
1<?xml version="1.0" encoding="utf-8"?>
2<manifest xmlns:android="http://schemas.android.com/apk/res/android"
3    package="com.app_projeto"
4    android:versionCode="1"
5    android:versionName="1.0" >
6
7    <uses-sdk
8        android:minSdkVersion="21"
9        android:targetSdkVersion="31" />
10
11    <uses-permission android:name="android.permission.SYSTEM_ALERT_WINDOW" />
11-->src/debug/AndroidManifest.xml:5:5-77
11-->src/debug/AndroidManifest.xml:5:22-75
12    <uses-permission android:name="android.permission.INTERNET" />
12-->src/main/AndroidManifest.xml:4:5-67
12-->src/main/AndroidManifest.xml:4:22-64
13    <uses-permission android:name="android.permission.ACCESS_WIFI_STATE" />
13-->[com.facebook.flipper:flipper:0.125.0] AndroidManifest.xml:16:5-76
13-->[com.facebook.flipper:flipper:0.125.0] AndroidManifest.xml:16:22-73
14    <uses-permission android:name="android.permission.WAKE_LOCK" />
14-->[:react-native-firebase_auth] AndroidManifest.xml:10:5-68
14-->[:react-native-firebase_auth] AndroidManifest.xml:10:22-65
15    <uses-permission android:name="android.permission.ACCESS_NETWORK_STATE" />
15-->[:react-native-firebase_auth] AndroidManifest.xml:11:5-79
15-->[:react-native-firebase_auth] AndroidManifest.xml:11:22-76
16    <uses-permission android:name="android.permission.RECEIVE_BOOT_COMPLETED" />
16-->[androidx.work:work-runtime:2.7.1] AndroidManifest.xml:27:5-81
16-->[androidx.work:work-runtime:2.7.1] AndroidManifest.xml:27:22-78
17    <uses-permission android:name="android.permission.FOREGROUND_SERVICE" />
17-->[androidx.work:work-runtime:2.7.1] AndroidManifest.xml:28:5-77
17-->[androidx.work:work-runtime:2.7.1] AndroidManifest.xml:28:22-74
18
19    <uses-feature
19-->[com.google.android.gms:play-services-maps:18.0.2] AndroidManifest.xml:26:5-28:35
20        android:glEsVersion="0x00020000"
20-->[com.google.android.gms:play-services-maps:18.0.2] AndroidManifest.xml:27:9-41
21        android:required="true" />
21-->[com.google.android.gms:play-services-maps:18.0.2] AndroidManifest.xml:28:9-32
22
23    <queries>
23-->[com.google.android.gms:play-services-maps:18.0.2] AndroidManifest.xml:30:5-34:15
24
25        <!-- Needs to be explicitly declared on Android R+ -->
26        <package android:name="com.google.android.apps.maps" />
26-->[com.google.android.gms:play-services-maps:18.0.2] AndroidManifest.xml:33:9-64
26-->[com.google.android.gms:play-services-maps:18.0.2] AndroidManifest.xml:33:18-61
27    </queries>
28
29    <application
29-->src/main/AndroidManifest.xml:6:5-31:19
30        android:name="com.app_projeto.MainApplication"
30-->src/main/AndroidManifest.xml:7:7-38
31        android:allowBackup="false"
31-->src/main/AndroidManifest.xml:11:7-34
32        android:appComponentFactory="androidx.core.app.CoreComponentFactory"
32-->[androidx.core:core:1.7.0] AndroidManifest.xml:24:18-86
33        android:debuggable="true"
34        android:icon="@mipmap/ic_launcher"
34-->src/main/AndroidManifest.xml:9:7-41
35        android:label="@string/app_name"
35-->src/main/AndroidManifest.xml:8:7-39
36        android:roundIcon="@mipmap/ic_launcher_round"
36-->src/main/AndroidManifest.xml:10:7-52
37        android:theme="@style/AppTheme"
37-->src/main/AndroidManifest.xml:12:7-38
38        android:usesCleartextTraffic="true" >
38-->src/debug/AndroidManifest.xml:8:9-44
39        <activity
39-->src/debug/AndroidManifest.xml:11:9-111
40            android:name="com.facebook.react.devsupport.DevSettingsActivity"
40-->src/debug/AndroidManifest.xml:11:19-83
41            android:exported="false" />
41-->src/debug/AndroidManifest.xml:11:84-108
42        <!-- dependencia do maps -->
43        <meta-data
43-->src/main/AndroidManifest.xml:15:7-17:66
44            android:name="com.google.android.geo.API_KEY"
44-->src/main/AndroidManifest.xml:16:9-54
45            android:value="AIzaSyA_Hm6WaIH4tcksnN8VMz0Ulaw3OmZ6YOY" /> <!-- chave criado no googleCloud -->
45-->src/main/AndroidManifest.xml:17:9-64
46        <activity
46-->src/main/AndroidManifest.xml:19:7-30:18
47            android:name="com.app_projeto.MainActivity"
47-->src/main/AndroidManifest.xml:20:9-37
48            android:configChanges="keyboard|keyboardHidden|orientation|screenLayout|screenSize|smallestScreenSize|uiMode"
48-->src/main/AndroidManifest.xml:22:9-118
49            android:exported="true"
49-->src/main/AndroidManifest.xml:25:9-32
50            android:label="@string/app_name"
50-->src/main/AndroidManifest.xml:21:9-41
51            android:launchMode="singleTask"
51-->src/main/AndroidManifest.xml:23:9-40
52            android:windowSoftInputMode="adjustResize" >
52-->src/main/AndroidManifest.xml:24:9-51
53            <intent-filter>
53-->src/main/AndroidManifest.xml:26:9-29:25
54                <action android:name="android.intent.action.MAIN" />
54-->src/main/AndroidManifest.xml:27:13-65
54-->src/main/AndroidManifest.xml:27:21-62
55
56                <category android:name="android.intent.category.LAUNCHER" />
56-->src/main/AndroidManifest.xml:28:13-73
56-->src/main/AndroidManifest.xml:28:23-70
57            </intent-filter>
58        </activity>
59
60        <meta-data
60-->[:react-native-firebase_app] AndroidManifest.xml:11:9-13:36
61            android:name="app_data_collection_default_enabled"
61-->[:react-native-firebase_app] AndroidManifest.xml:12:13-63
62            android:value="true" />
62-->[:react-native-firebase_app] AndroidManifest.xml:13:13-33
63
64        <service
64-->[:react-native-firebase_app] AndroidManifest.xml:15:9-23:19
65            android:name="com.google.firebase.components.ComponentDiscoveryService"
65-->[:react-native-firebase_app] AndroidManifest.xml:16:13-84
66            android:directBootAware="true"
66-->[:react-native-firebase_app] AndroidManifest.xml:17:13-43
67            android:exported="false" >
67-->[:react-native-firebase_app] AndroidManifest.xml:18:13-37
68            <meta-data
68-->[:react-native-firebase_app] AndroidManifest.xml:20:13-22:85
69                android:name="com.google.firebase.components:io.invertase.firebase.app.ReactNativeFirebaseAppRegistrar"
69-->[:react-native-firebase_app] AndroidManifest.xml:21:17-120
70                android:value="com.google.firebase.components.ComponentRegistrar" />
70-->[:react-native-firebase_app] AndroidManifest.xml:22:17-82
71            <meta-data
71-->[com.google.firebase:firebase-firestore:24.6.1] AndroidManifest.xml:19:13-21:85
72                android:name="com.google.firebase.components:com.google.firebase.firestore.FirestoreRegistrar"
72-->[com.google.firebase:firebase-firestore:24.6.1] AndroidManifest.xml:20:17-111
73                android:value="com.google.firebase.components.ComponentRegistrar" />
73-->[com.google.firebase:firebase-firestore:24.6.1] AndroidManifest.xml:21:17-82
74            <meta-data
74-->[com.google.firebase:firebase-auth:22.0.0] AndroidManifest.xml:69:13-71:85
75                android:name="com.google.firebase.components:com.google.firebase.auth.FirebaseAuthRegistrar"
75-->[com.google.firebase:firebase-auth:22.0.0] AndroidManifest.xml:70:17-109
76                android:value="com.google.firebase.components.ComponentRegistrar" />
76-->[com.google.firebase:firebase-auth:22.0.0] AndroidManifest.xml:71:17-82
77            <meta-data
77-->[com.google.firebase:firebase-storage:20.2.0] AndroidManifest.xml:32:13-34:85
78                android:name="com.google.firebase.components:com.google.firebase.storage.StorageRegistrar"
78-->[com.google.firebase:firebase-storage:20.2.0] AndroidManifest.xml:33:17-107
79                android:value="com.google.firebase.components.ComponentRegistrar" />
79-->[com.google.firebase:firebase-storage:20.2.0] AndroidManifest.xml:34:17-82
80        </service>
81
82        <provider
82-->[:react-native-firebase_app] AndroidManifest.xml:25:9-29:38
83            android:name="io.invertase.firebase.app.ReactNativeFirebaseAppInitProvider"
83-->[:react-native-firebase_app] AndroidManifest.xml:26:13-88
84            android:authorities="com.app_projeto.reactnativefirebaseappinitprovider"
84-->[:react-native-firebase_app] AndroidManifest.xml:27:13-86
85            android:exported="false"
85-->[:react-native-firebase_app] AndroidManifest.xml:28:13-37
86            android:initOrder="99" />
86-->[:react-native-firebase_app] AndroidManifest.xml:29:13-35
87        <provider
87-->[androidx.work:work-runtime:2.7.1] AndroidManifest.xml:31:9-39:20
88            android:name="androidx.startup.InitializationProvider"
88-->[androidx.work:work-runtime:2.7.1] AndroidManifest.xml:32:13-67
89            android:authorities="com.app_projeto.androidx-startup"
89-->[androidx.work:work-runtime:2.7.1] AndroidManifest.xml:33:13-68
90            android:exported="false" >
90-->[androidx.work:work-runtime:2.7.1] AndroidManifest.xml:34:13-37
91            <meta-data
91-->[androidx.work:work-runtime:2.7.1] AndroidManifest.xml:36:13-38:52
92                android:name="androidx.work.WorkManagerInitializer"
92-->[androidx.work:work-runtime:2.7.1] AndroidManifest.xml:37:17-68
93                android:value="androidx.startup" />
93-->[androidx.work:work-runtime:2.7.1] AndroidManifest.xml:38:17-49
94            <meta-data
94-->[androidx.emoji2:emoji2:1.0.0] AndroidManifest.xml:31:13-33:52
95                android:name="androidx.emoji2.text.EmojiCompatInitializer"
95-->[androidx.emoji2:emoji2:1.0.0] AndroidManifest.xml:32:17-75
96                android:value="androidx.startup" />
96-->[androidx.emoji2:emoji2:1.0.0] AndroidManifest.xml:33:17-49
97            <meta-data
97-->[androidx.lifecycle:lifecycle-process:2.4.0] AndroidManifest.xml:31:13-33:52
98                android:name="androidx.lifecycle.ProcessLifecycleInitializer"
98-->[androidx.lifecycle:lifecycle-process:2.4.0] AndroidManifest.xml:32:17-78
99                android:value="androidx.startup" />
99-->[androidx.lifecycle:lifecycle-process:2.4.0] AndroidManifest.xml:33:17-49
100        </provider>
101
102        <service
102-->[androidx.work:work-runtime:2.7.1] AndroidManifest.xml:41:9-46:35
103            android:name="androidx.work.impl.background.systemalarm.SystemAlarmService"
103-->[androidx.work:work-runtime:2.7.1] AndroidManifest.xml:42:13-88
104            android:directBootAware="false"
104-->[androidx.work:work-runtime:2.7.1] AndroidManifest.xml:43:13-44
105            android:enabled="@bool/enable_system_alarm_service_default"
105-->[androidx.work:work-runtime:2.7.1] AndroidManifest.xml:44:13-72
106            android:exported="false" />
106-->[androidx.work:work-runtime:2.7.1] AndroidManifest.xml:45:13-37
107        <service
107-->[androidx.work:work-runtime:2.7.1] AndroidManifest.xml:47:9-53:35
108            android:name="androidx.work.impl.background.systemjob.SystemJobService"
108-->[androidx.work:work-runtime:2.7.1] AndroidManifest.xml:48:13-84
109            android:directBootAware="false"
109-->[androidx.work:work-runtime:2.7.1] AndroidManifest.xml:49:13-44
110            android:enabled="@bool/enable_system_job_service_default"
110-->[androidx.work:work-runtime:2.7.1] AndroidManifest.xml:50:13-70
111            android:exported="true"
111-->[androidx.work:work-runtime:2.7.1] AndroidManifest.xml:51:13-36
112            android:permission="android.permission.BIND_JOB_SERVICE" />
112-->[androidx.work:work-runtime:2.7.1] AndroidManifest.xml:52:13-69
113        <service
113-->[androidx.work:work-runtime:2.7.1] AndroidManifest.xml:54:9-59:35
114            android:name="androidx.work.impl.foreground.SystemForegroundService"
114-->[androidx.work:work-runtime:2.7.1] AndroidManifest.xml:55:13-81
115            android:directBootAware="false"
115-->[androidx.work:work-runtime:2.7.1] AndroidManifest.xml:56:13-44
116            android:enabled="@bool/enable_system_foreground_service_default"
116-->[androidx.work:work-runtime:2.7.1] AndroidManifest.xml:57:13-77
117            android:exported="false" />
117-->[androidx.work:work-runtime:2.7.1] AndroidManifest.xml:58:13-37
118
119        <receiver
119-->[androidx.work:work-runtime:2.7.1] AndroidManifest.xml:61:9-66:35
120            android:name="androidx.work.impl.utils.ForceStopRunnable$BroadcastReceiver"
120-->[androidx.work:work-runtime:2.7.1] AndroidManifest.xml:62:13-88
121            android:directBootAware="false"
121-->[androidx.work:work-runtime:2.7.1] AndroidManifest.xml:63:13-44
122            android:enabled="true"
122-->[androidx.work:work-runtime:2.7.1] AndroidManifest.xml:64:13-35
123            android:exported="false" />
123-->[androidx.work:work-runtime:2.7.1] AndroidManifest.xml:65:13-37
124        <receiver
124-->[androidx.work:work-runtime:2.7.1] AndroidManifest.xml:67:9-77:20
125            android:name="androidx.work.impl.background.systemalarm.ConstraintProxy$BatteryChargingProxy"
125-->[androidx.work:work-runtime:2.7.1] AndroidManifest.xml:68:13-106
126            android:directBootAware="false"
126-->[androidx.work:work-runtime:2.7.1] AndroidManifest.xml:69:13-44
127            android:enabled="false"
127-->[androidx.work:work-runtime:2.7.1] AndroidManifest.xml:70:13-36
128            android:exported="false" >
128-->[androidx.work:work-runtime:2.7.1] AndroidManifest.xml:71:13-37
129            <intent-filter>
129-->[androidx.work:work-runtime:2.7.1] AndroidManifest.xml:73:13-76:29
130                <action android:name="android.intent.action.ACTION_POWER_CONNECTED" />
130-->[androidx.work:work-runtime:2.7.1] AndroidManifest.xml:74:17-87
130-->[androidx.work:work-runtime:2.7.1] AndroidManifest.xml:74:25-84
131                <action android:name="android.intent.action.ACTION_POWER_DISCONNECTED" />
131-->[androidx.work:work-runtime:2.7.1] AndroidManifest.xml:75:17-90
131-->[androidx.work:work-runtime:2.7.1] AndroidManifest.xml:75:25-87
132            </intent-filter>
133        </receiver>
134        <receiver
134-->[androidx.work:work-runtime:2.7.1] AndroidManifest.xml:78:9-88:20
135            android:name="androidx.work.impl.background.systemalarm.ConstraintProxy$BatteryNotLowProxy"
135-->[androidx.work:work-runtime:2.7.1] AndroidManifest.xml:79:13-104
136            android:directBootAware="false"
136-->[androidx.work:work-runtime:2.7.1] AndroidManifest.xml:80:13-44
137            android:enabled="false"
137-->[androidx.work:work-runtime:2.7.1] AndroidManifest.xml:81:13-36
138            android:exported="false" >
138-->[androidx.work:work-runtime:2.7.1] AndroidManifest.xml:82:13-37
139            <intent-filter>
139-->[androidx.work:work-runtime:2.7.1] AndroidManifest.xml:84:13-87:29
140                <action android:name="android.intent.action.BATTERY_OKAY" />
140-->[androidx.work:work-runtime:2.7.1] AndroidManifest.xml:85:17-77
140-->[androidx.work:work-runtime:2.7.1] AndroidManifest.xml:85:25-74
141                <action android:name="android.intent.action.BATTERY_LOW" />
141-->[androidx.work:work-runtime:2.7.1] AndroidManifest.xml:86:17-76
141-->[androidx.work:work-runtime:2.7.1] AndroidManifest.xml:86:25-73
142            </intent-filter>
143        </receiver>
144        <receiver
144-->[androidx.work:work-runtime:2.7.1] AndroidManifest.xml:89:9-99:20
145            android:name="androidx.work.impl.background.systemalarm.ConstraintProxy$StorageNotLowProxy"
145-->[androidx.work:work-runtime:2.7.1] AndroidManifest.xml:90:13-104
146            android:directBootAware="false"
146-->[androidx.work:work-runtime:2.7.1] AndroidManifest.xml:91:13-44
147            android:enabled="false"
147-->[androidx.work:work-runtime:2.7.1] AndroidManifest.xml:92:13-36
148            android:exported="false" >
148-->[androidx.work:work-runtime:2.7.1] AndroidManifest.xml:93:13-37
149            <intent-filter>
149-->[androidx.work:work-runtime:2.7.1] AndroidManifest.xml:95:13-98:29
150                <action android:name="android.intent.action.DEVICE_STORAGE_LOW" />
150-->[androidx.work:work-runtime:2.7.1] AndroidManifest.xml:96:17-83
150-->[androidx.work:work-runtime:2.7.1] AndroidManifest.xml:96:25-80
151                <action android:name="android.intent.action.DEVICE_STORAGE_OK" />
151-->[androidx.work:work-runtime:2.7.1] AndroidManifest.xml:97:17-82
151-->[androidx.work:work-runtime:2.7.1] AndroidManifest.xml:97:25-79
152            </intent-filter>
153        </receiver>
154        <receiver
154-->[androidx.work:work-runtime:2.7.1] AndroidManifest.xml:100:9-109:20
155            android:name="androidx.work.impl.background.systemalarm.ConstraintProxy$NetworkStateProxy"
155-->[androidx.work:work-runtime:2.7.1] AndroidManifest.xml:101:13-103
156            android:directBootAware="false"
156-->[androidx.work:work-runtime:2.7.1] AndroidManifest.xml:102:13-44
157            android:enabled="false"
157-->[androidx.work:work-runtime:2.7.1] AndroidManifest.xml:103:13-36
158            android:exported="false" >
158-->[androidx.work:work-runtime:2.7.1] AndroidManifest.xml:104:13-37
159            <intent-filter>
159-->[androidx.work:work-runtime:2.7.1] AndroidManifest.xml:106:13-108:29
160                <action android:name="android.net.conn.CONNECTIVITY_CHANGE" />
160-->[androidx.work:work-runtime:2.7.1] AndroidManifest.xml:107:17-79
160-->[androidx.work:work-runtime:2.7.1] AndroidManifest.xml:107:25-76
161            </intent-filter>
162        </receiver>
163        <receiver
163-->[androidx.work:work-runtime:2.7.1] AndroidManifest.xml:110:9-121:20
164            android:name="androidx.work.impl.background.systemalarm.RescheduleReceiver"
164-->[androidx.work:work-runtime:2.7.1] AndroidManifest.xml:111:13-88
165            android:directBootAware="false"
165-->[androidx.work:work-runtime:2.7.1] AndroidManifest.xml:112:13-44
166            android:enabled="false"
166-->[androidx.work:work-runtime:2.7.1] AndroidManifest.xml:113:13-36
167            android:exported="false" >
167-->[androidx.work:work-runtime:2.7.1] AndroidManifest.xml:114:13-37
168            <intent-filter>
168-->[androidx.work:work-runtime:2.7.1] AndroidManifest.xml:116:13-120:29
169                <action android:name="android.intent.action.BOOT_COMPLETED" />
169-->[androidx.work:work-runtime:2.7.1] AndroidManifest.xml:117:17-79
169-->[androidx.work:work-runtime:2.7.1] AndroidManifest.xml:117:25-76
170                <action android:name="android.intent.action.TIME_SET" />
170-->[androidx.work:work-runtime:2.7.1] AndroidManifest.xml:118:17-73
170-->[androidx.work:work-runtime:2.7.1] AndroidManifest.xml:118:25-70
171                <action android:name="android.intent.action.TIMEZONE_CHANGED" />
171-->[androidx.work:work-runtime:2.7.1] AndroidManifest.xml:119:17-81
171-->[androidx.work:work-runtime:2.7.1] AndroidManifest.xml:119:25-78
172            </intent-filter>
173        </receiver>
174        <receiver
174-->[androidx.work:work-runtime:2.7.1] AndroidManifest.xml:122:9-131:20
175            android:name="androidx.work.impl.background.systemalarm.ConstraintProxyUpdateReceiver"
175-->[androidx.work:work-runtime:2.7.1] AndroidManifest.xml:123:13-99
176            android:directBootAware="false"
176-->[androidx.work:work-runtime:2.7.1] AndroidManifest.xml:124:13-44
177            android:enabled="@bool/enable_system_alarm_service_default"
177-->[androidx.work:work-runtime:2.7.1] AndroidManifest.xml:125:13-72
178            android:exported="false" >
178-->[androidx.work:work-runtime:2.7.1] AndroidManifest.xml:126:13-37
179            <intent-filter>
179-->[androidx.work:work-runtime:2.7.1] AndroidManifest.xml:128:13-130:29
180                <action android:name="androidx.work.impl.background.systemalarm.UpdateProxies" />
180-->[androidx.work:work-runtime:2.7.1] AndroidManifest.xml:129:17-98
180-->[androidx.work:work-runtime:2.7.1] AndroidManifest.xml:129:25-95
181            </intent-filter>
182        </receiver>
183        <receiver
183-->[androidx.work:work-runtime:2.7.1] AndroidManifest.xml:132:9-142:20
184            android:name="androidx.work.impl.diagnostics.DiagnosticsReceiver"
184-->[androidx.work:work-runtime:2.7.1] AndroidManifest.xml:133:13-78
185            android:directBootAware="false"
185-->[androidx.work:work-runtime:2.7.1] AndroidManifest.xml:134:13-44
186            android:enabled="true"
186-->[androidx.work:work-runtime:2.7.1] AndroidManifest.xml:135:13-35
187            android:exported="true"
187-->[androidx.work:work-runtime:2.7.1] AndroidManifest.xml:136:13-36
188            android:permission="android.permission.DUMP" >
188-->[androidx.work:work-runtime:2.7.1] AndroidManifest.xml:137:13-57
189            <intent-filter>
189-->[androidx.work:work-runtime:2.7.1] AndroidManifest.xml:139:13-141:29
190                <action android:name="androidx.work.diagnostics.REQUEST_DIAGNOSTICS" />
190-->[androidx.work:work-runtime:2.7.1] AndroidManifest.xml:140:17-88
190-->[androidx.work:work-runtime:2.7.1] AndroidManifest.xml:140:25-85
191            </intent-filter>
192        </receiver>
193
194        <service
194-->[androidx.room:room-runtime:2.2.5] AndroidManifest.xml:25:9-28:40
195            android:name="androidx.room.MultiInstanceInvalidationService"
195-->[androidx.room:room-runtime:2.2.5] AndroidManifest.xml:26:13-74
196            android:directBootAware="true"
196-->[androidx.room:room-runtime:2.2.5] AndroidManifest.xml:27:13-43
197            android:exported="false" />
197-->[androidx.room:room-runtime:2.2.5] AndroidManifest.xml:28:13-37
198
199        <activity
199-->[com.google.firebase:firebase-auth:22.0.0] AndroidManifest.xml:29:9-46:20
200            android:name="com.google.firebase.auth.internal.GenericIdpActivity"
200-->[com.google.firebase:firebase-auth:22.0.0] AndroidManifest.xml:30:13-80
201            android:excludeFromRecents="true"
201-->[com.google.firebase:firebase-auth:22.0.0] AndroidManifest.xml:31:13-46
202            android:exported="true"
202-->[com.google.firebase:firebase-auth:22.0.0] AndroidManifest.xml:32:13-36
203            android:launchMode="singleTask"
203-->[com.google.firebase:firebase-auth:22.0.0] AndroidManifest.xml:33:13-44
204            android:theme="@android:style/Theme.Translucent.NoTitleBar" >
204-->[com.google.firebase:firebase-auth:22.0.0] AndroidManifest.xml:34:13-72
205            <intent-filter>
205-->[com.google.firebase:firebase-auth:22.0.0] AndroidManifest.xml:35:13-45:29
206                <action android:name="android.intent.action.VIEW" />
206-->[com.google.firebase:firebase-auth:22.0.0] AndroidManifest.xml:36:17-69
206-->[com.google.firebase:firebase-auth:22.0.0] AndroidManifest.xml:36:25-66
207
208                <category android:name="android.intent.category.DEFAULT" />
208-->[com.google.firebase:firebase-auth:22.0.0] AndroidManifest.xml:38:17-76
208-->[com.google.firebase:firebase-auth:22.0.0] AndroidManifest.xml:38:27-73
209                <category android:name="android.intent.category.BROWSABLE" />
209-->[com.google.firebase:firebase-auth:22.0.0] AndroidManifest.xml:39:17-78
209-->[com.google.firebase:firebase-auth:22.0.0] AndroidManifest.xml:39:27-75
210
211                <data
211-->[com.google.firebase:firebase-auth:22.0.0] AndroidManifest.xml:41:17-44:51
212                    android:host="firebase.auth"
212-->[com.google.firebase:firebase-auth:22.0.0] AndroidManifest.xml:42:21-49
213                    android:path="/"
213-->[com.google.firebase:firebase-auth:22.0.0] AndroidManifest.xml:43:21-37
214                    android:scheme="genericidp" />
214-->[com.google.firebase:firebase-auth:22.0.0] AndroidManifest.xml:44:21-48
215            </intent-filter>
216        </activity>
217        <activity
217-->[com.google.firebase:firebase-auth:22.0.0] AndroidManifest.xml:47:9-64:20
218            android:name="com.google.firebase.auth.internal.RecaptchaActivity"
218-->[com.google.firebase:firebase-auth:22.0.0] AndroidManifest.xml:48:13-79
219            android:excludeFromRecents="true"
219-->[com.google.firebase:firebase-auth:22.0.0] AndroidManifest.xml:49:13-46
220            android:exported="true"
220-->[com.google.firebase:firebase-auth:22.0.0] AndroidManifest.xml:50:13-36
221            android:launchMode="singleTask"
221-->[com.google.firebase:firebase-auth:22.0.0] AndroidManifest.xml:51:13-44
222            android:theme="@android:style/Theme.Translucent.NoTitleBar" >
222-->[com.google.firebase:firebase-auth:22.0.0] AndroidManifest.xml:52:13-72
223            <intent-filter>
223-->[com.google.firebase:firebase-auth:22.0.0] AndroidManifest.xml:53:13-63:29
224                <action android:name="android.intent.action.VIEW" />
224-->[com.google.firebase:firebase-auth:22.0.0] AndroidManifest.xml:36:17-69
224-->[com.google.firebase:firebase-auth:22.0.0] AndroidManifest.xml:36:25-66
225
226                <category android:name="android.intent.category.DEFAULT" />
226-->[com.google.firebase:firebase-auth:22.0.0] AndroidManifest.xml:38:17-76
226-->[com.google.firebase:firebase-auth:22.0.0] AndroidManifest.xml:38:27-73
227                <category android:name="android.intent.category.BROWSABLE" />
227-->[com.google.firebase:firebase-auth:22.0.0] AndroidManifest.xml:39:17-78
227-->[com.google.firebase:firebase-auth:22.0.0] AndroidManifest.xml:39:27-75
228
229                <data
229-->[com.google.firebase:firebase-auth:22.0.0] AndroidManifest.xml:41:17-44:51
230                    android:host="firebase.auth"
230-->[com.google.firebase:firebase-auth:22.0.0] AndroidManifest.xml:42:21-49
231                    android:path="/"
231-->[com.google.firebase:firebase-auth:22.0.0] AndroidManifest.xml:43:21-37
232                    android:scheme="recaptcha" />
232-->[com.google.firebase:firebase-auth:22.0.0] AndroidManifest.xml:44:21-48
233            </intent-filter>
234        </activity>
235
236        <provider
236-->[com.google.firebase:firebase-common:20.3.2] AndroidManifest.xml:25:9-30:39
237            android:name="com.google.firebase.provider.FirebaseInitProvider"
237-->[com.google.firebase:firebase-common:20.3.2] AndroidManifest.xml:26:13-77
238            android:authorities="com.app_projeto.firebaseinitprovider"
238-->[com.google.firebase:firebase-common:20.3.2] AndroidManifest.xml:27:13-72
239            android:directBootAware="true"
239-->[com.google.firebase:firebase-common:20.3.2] AndroidManifest.xml:28:13-43
240            android:exported="false"
240-->[com.google.firebase:firebase-common:20.3.2] AndroidManifest.xml:29:13-37
241            android:initOrder="100" />
241-->[com.google.firebase:firebase-common:20.3.2] AndroidManifest.xml:30:13-36
242
243        <activity
243-->[com.google.android.gms:play-services-auth:20.5.0] AndroidManifest.xml:23:9-27:75
244            android:name="com.google.android.gms.auth.api.signin.internal.SignInHubActivity"
244-->[com.google.android.gms:play-services-auth:20.5.0] AndroidManifest.xml:24:13-93
245            android:excludeFromRecents="true"
245-->[com.google.android.gms:play-services-auth:20.5.0] AndroidManifest.xml:25:13-46
246            android:exported="false"
246-->[com.google.android.gms:play-services-auth:20.5.0] AndroidManifest.xml:26:13-37
247            android:theme="@android:style/Theme.Translucent.NoTitleBar" />
247-->[com.google.android.gms:play-services-auth:20.5.0] AndroidManifest.xml:27:13-72
248        <!--
249            Service handling Google Sign-In user revocation. For apps that do not integrate with
250            Google Sign-In, this service will never be started.
251        -->
252        <service
252-->[com.google.android.gms:play-services-auth:20.5.0] AndroidManifest.xml:33:9-37:51
253            android:name="com.google.android.gms.auth.api.signin.RevocationBoundService"
253-->[com.google.android.gms:play-services-auth:20.5.0] AndroidManifest.xml:34:13-89
254            android:exported="true"
254-->[com.google.android.gms:play-services-auth:20.5.0] AndroidManifest.xml:35:13-36
255            android:permission="com.google.android.gms.auth.api.signin.permission.REVOCATION_NOTIFICATION"
255-->[com.google.android.gms:play-services-auth:20.5.0] AndroidManifest.xml:36:13-107
256            android:visibleToInstantApps="true" /> <!-- Needs to be explicitly declared on P+ -->
256-->[com.google.android.gms:play-services-auth:20.5.0] AndroidManifest.xml:37:13-48
257        <uses-library
257-->[com.google.android.gms:play-services-maps:18.0.2] AndroidManifest.xml:39:9-41:40
258            android:name="org.apache.http.legacy"
258-->[com.google.android.gms:play-services-maps:18.0.2] AndroidManifest.xml:40:13-50
259            android:required="false" />
259-->[com.google.android.gms:play-services-maps:18.0.2] AndroidManifest.xml:41:13-37
260
261        <activity
261-->[com.google.android.gms:play-services-base:18.1.0] AndroidManifest.xml:20:9-22:45
262            android:name="com.google.android.gms.common.api.GoogleApiActivity"
262-->[com.google.android.gms:play-services-base:18.1.0] AndroidManifest.xml:20:19-85
263            android:exported="false"
263-->[com.google.android.gms:play-services-base:18.1.0] AndroidManifest.xml:22:19-43
264            android:theme="@android:style/Theme.Translucent.NoTitleBar" />
264-->[com.google.android.gms:play-services-base:18.1.0] AndroidManifest.xml:21:19-78
265
266        <meta-data
266-->[com.google.android.gms:play-services-basement:18.2.0] AndroidManifest.xml:21:9-23:69
267            android:name="com.google.android.gms.version"
267-->[com.google.android.gms:play-services-basement:18.2.0] AndroidManifest.xml:22:13-58
268            android:value="@integer/google_play_services_version" />
268-->[com.google.android.gms:play-services-basement:18.2.0] AndroidManifest.xml:23:13-66
269    </application>
270
271</manifest>